<?xml version="1.0" encoding="UTF-8"?>
<!-- Generated by org.testng.reporters.JUnitXMLReporter -->
<testsuite ignored="0" hostname="Ram" failures="1" tests="4" name="Default test" time="56.516" errors="0" timestamp="2025-07-06T16:06:15 IST">
  <testcase classname="io.cucumber.testng.AbstractTestNGCucumberTests" name="runScenario" time="35.344"/>
  <testcase classname="io.cucumber.testng.AbstractTestNGCucumberTests" name="runScenario" time="5.921">
    <failure type="java.lang.AssertionError" message="expected [Swag Labs123] but found [Swag Labs]">
      <![CDATA[java.lang.AssertionError: expected [Swag Labs123] but found [Swag Labs]
at org.testng.Assert.fail(Assert.java:111)
at org.testng.Assert.failNotEquals(Assert.java:1590)
at org.testng.Assert.assertEqualsImpl(Assert.java:150)
at org.testng.Assert.assertEquals(Assert.java:132)
at org.testng.Assert.assertEquals(Assert.java:656)
at org.testng.Assert.assertEquals(Assert.java:666)
at com.swagLab.Qa.StepDefinition.LoginStepsDefinition.I_should_be_redirected_to_swaglab_page(LoginStepsDefinition.java:43)
at âœ½.I should be redirected to swaglab page(file:///C:/Users/Ram_k/eclipse-workspace/TestProject/src/test/resource/features/Login.feature:9)
]]>
    </failure>
  </testcase> <!-- runScenario -->
  <testcase classname="io.cucumber.testng.AbstractTestNGCucumberTests" name="runScenario" time="4.897"/>
  <testcase classname="io.cucumber.testng.AbstractTestNGCucumberTests" name="runScenario" time="4.987"/>
</testsuite> <!-- Default test -->
